This is pdfTeX, Version 3.14159265-2.6-1.40.20 (MiKTeX 2.9.7250 64-bit) (preloaded format=pdflatex 2021.12.17)  1 AUG 2022 14:59
entering extended mode
**"c:/Users/Francesco/Desktop/TODO/Roba GitHub/Articolo-Claudio-per-Applied-Ontology/ao_bfo_dolce_mappings_v0.2.tex"
("c:/Users/Francesco/Desktop/TODO/Roba GitHub/Articolo-Claudio-per-Applied-Ontology/ao_bfo_dolce_mappings_v0.2.tex"
LaTeX2e <2019-10-01> patch level 3
(iosart2x.cls
Document Class: iosart2x 2021/05/31 v1.3.33 IOS Press
("C:\Program Files\MiKTeX 2.9\tex/latex/etoolbox\etoolbox.sty"
Package: etoolbox 2019/09/21 v2.5h e-TeX tools for LaTeX (JAW)
\etb@tempcnta=\count80
) (iosart2x.cfg
File: iosart2x.cfg 2020/11/06 configuration for iosart2x class
) ("C:\Program Files\MiKTeX 2.9\tex/latex/base\fleqn.clo"
File: fleqn.clo 2016/12/29 v1.2b Standard LaTeX option (flush left equations)
\mathindent=\dimen102
Applying: [2015/01/01] Make \[ robust on input line 50.
LaTeX Info: Redefining \[ on input line 51.
Already applied: [0000/00/00] Make \[ robust on input line 62.
Applying: [2015/01/01] Make \] robust on input line 74.
LaTeX Info: Redefining \] on input line 75.
Already applied: [0000/00/00] Make \] robust on input line 83.
)
\abstract@width=\skip41
\b@author@skip=\dimen103
\abstract@name@skip=\dimen104
\abstract@indent@val=\dimen105
\b@history@skip=\skip42

Eleven point
\parindent@value=\skip43
\c@section=\count81
\c@subsection=\count82
\c@subsubsection=\count83
\c@paragraph=\count84
\c@subparagraph=\count85
("C:\Program Files\MiKTeX 2.9\tex/latex/graphics\keyval.sty"
Package: keyval 2014/10/28 v1.15 key=value parser (DPC)
\KV@toks@=\toks14
) ("C:\Program Files\MiKTeX 2.9\tex/latex/base\fontenc.sty"
Package: fontenc 2018/08/11 v2.0j Standard LaTeX package
 ("C:\Program Files\MiKTeX 2.9\tex/latex/base\t1enc.def"
File: t1enc.def 2018/08/11 v2.0j Standard LaTeX file
LaTeX Font Info:    Redeclaring font encoding T1 on input line 48.
)) (C:\Users\Francesco\AppData\Roaming\MiKTeX\2.9\tex/latex/psnfss\times.sty
Package: times 2020/03/25 PSNFSS-v9.3 (SPQR) 
) (C:\Users\Francesco\AppData\Roaming\MiKTeX\2.9\tex/latex/psnfss\helvet.sty
Package: helvet 2020/03/25 PSNFSS-v9.3 (WaS) 
)
LaTeX Font Info:    Trying to load font information for T1+ptm on input line 2260.
 (C:\Users\Francesco\AppData\Roaming\MiKTeX\2.9\tex/latex/psnfss\t1ptm.fd
File: t1ptm.fd 2001/06/04 font definitions for T1/ptm.
) ("C:\Program Files\MiKTeX 2.9\tex/latex/amsmath\amsmath.sty"
Package: amsmath 2019/11/16 v2.17d AMS math features
\@mathmargin=\skip44

For additional information on amsmath, use the `?' option.
("C:\Program Files\MiKTeX 2.9\tex/latex/amsmath\amstext.sty"
Package: amstext 2000/06/29 v2.01 AMS text
 ("C:\Program Files\MiKTeX 2.9\tex/latex/amsmath\amsgen.sty"
File: amsgen.sty 1999/11/30 v2.0 generic functions
\@emptytoks=\toks15
\ex@=\dimen106
)) ("C:\Program Files\MiKTeX 2.9\tex/latex/amsmath\amsbsy.sty"
Package: amsbsy 1999/11/29 v1.2d Bold Symbols
\pmbraise@=\dimen107
) ("C:\Program Files\MiKTeX 2.9\tex/latex/amsmath\amsopn.sty"
Package: amsopn 2016/03/08 v2.02 operator names
)
\inf@bad=\count86
LaTeX Info: Redefining \frac on input line 227.
\uproot@=\count87
\leftroot@=\count88
LaTeX Info: Redefining \overline on input line 389.
\classnum@=\count89
\DOTSCASE@=\count90
LaTeX Info: Redefining \ldots on input line 486.
LaTeX Info: Redefining \dots on input line 489.
LaTeX Info: Redefining \cdots on input line 610.
\Mathstrutbox@=\box27
\strutbox@=\box28
\big@size=\dimen108
LaTeX Font Info:    Redeclaring font encoding OML on input line 733.
LaTeX Font Info:    Redeclaring font encoding OMS on input line 734.
\macc@depth=\count91
\c@MaxMatrixCols=\count92
\dotsspace@=\muskip10
\c@parentequation=\count93
\dspbrk@lvl=\count94
\tag@help=\toks16
\row@=\count95
\column@=\count96
\maxfields@=\count97
\andhelp@=\toks17
\eqnshift@=\dimen109
\alignsep@=\dimen110
\tagshift@=\dimen111
\tagwidth@=\dimen112
\totwidth@=\dimen113
\lineht@=\dimen114
\@envbody=\toks18
\multlinegap=\skip45
\multlinetaggap=\skip46
\mathdisplay@stack=\toks19
LaTeX Info: Redefining \[ on input line 2858.
LaTeX Info: Redefining \] on input line 2859.
) ("C:\Program Files\MiKTeX 2.9\tex/latex/amscls\amsthm.sty"
Package: amsthm 2017/10/31 v2.20.4
\thm@style=\toks20
\thm@bodyfont=\toks21
\thm@headfont=\toks22
\thm@notefont=\toks23
\thm@headpunct=\toks24
\thm@preskip=\skip47
\thm@postskip=\skip48
\thm@headsep=\skip49
\dth@everypar=\toks25
) ("C:\Program Files\MiKTeX 2.9\tex/latex/amsfonts\amssymb.sty"
Package: amssymb 2013/01/14 v3.01 AMS font symbols
 ("C:\Program Files\MiKTeX 2.9\tex/latex/amsfonts\amsfonts.sty"
Package: amsfonts 2013/01/14 v3.01 Basic AMSFonts support
\symAMSa=\mathgroup4
\symAMSb=\mathgroup5
LaTeX Font Info:    Redeclaring math symbol \hbar on input line 98.
LaTeX Font Info:    Overwriting math alphabet `\mathfrak' in version `bold'
(Font)                  U/euf/m/n --> U/euf/b/n on input line 106.
))
LaTeX Font Info:    Redeclaring symbol font `letters' on input line 2308.
LaTeX Font Info:    Overwriting symbol font `letters' in version `normal'
(Font)                  OML/cmm/m/it --> OML/txmi/m/it on input line 2308.
LaTeX Font Info:    Overwriting symbol font `letters' in version `bold'
(Font)                  OML/cmm/b/it --> OML/txmi/m/it on input line 2308.
LaTeX Font Info:    Overwriting symbol font `letters' in version `bold'
(Font)                  OML/txmi/m/it --> OML/txmi/bx/it on input line 2308.
LaTeX Font Info:    Redeclaring math alphabet \mathrm on input line 2308.
LaTeX Font Info:    Redeclaring math alphabet \mathbf on input line 2308.
LaTeX Font Info:    Overwriting math alphabet `\mathbf' in version `normal'
(Font)                  OT1/cmr/bx/n --> T1/ptm/b/n on input line 2308.
LaTeX Font Info:    Overwriting math alphabet `\mathbf' in version `bold'
(Font)                  OT1/cmr/bx/n --> T1/ptm/b/n on input line 2308.
LaTeX Font Info:    Redeclaring math alphabet \mathit on input line 2308.
LaTeX Font Info:    Overwriting math alphabet `\mathit' in version `normal'
(Font)                  OT1/cmr/m/it --> T1/ptm/m/it on input line 2308.
LaTeX Font Info:    Overwriting math alphabet `\mathit' in version `bold'
(Font)                  OT1/cmr/bx/it --> T1/ptm/m/it on input line 2308.
LaTeX Font Info:    Redeclaring math alphabet \mathsf on input line 2308.
LaTeX Font Info:    Overwriting math alphabet `\mathsf' in version `normal'
(Font)                  OT1/cmss/m/n --> T1/phv/m/n on input line 2308.
LaTeX Font Info:    Overwriting math alphabet `\mathsf' in version `bold'
(Font)                  OT1/cmss/bx/n --> T1/phv/m/n on input line 2308.
LaTeX Font Info:    Redeclaring math alphabet \mathtt on input line 2308.
LaTeX Font Info:    Overwriting math alphabet `\mathtt' in version `normal'
(Font)                  OT1/cmtt/m/n --> T1/pcr/m/n on input line 2308.
LaTeX Font Info:    Overwriting math alphabet `\mathtt' in version `bold'
(Font)                  OT1/cmtt/m/n --> T1/pcr/m/n on input line 2308.
LaTeX Font Info:    Overwriting math alphabet `\mathrm' in version `bold'
(Font)                  T1/ptm/m/n --> T1/ptm/b/n on input line 2308.
LaTeX Font Info:    Overwriting math alphabet `\mathit' in version `bold'
(Font)                  T1/ptm/m/it --> T1/ptm/b/it on input line 2308.
LaTeX Font Info:    Overwriting math alphabet `\mathsf' in version `bold'
(Font)                  T1/phv/m/n --> T1/phv/b/n on input line 2308.
LaTeX Font Info:    Overwriting math alphabet `\mathtt' in version `bold'
(Font)                  T1/pcr/m/n --> T1/pcr/b/n on input line 2308.
LaTeX Font Info:    Overwriting math alphabet `\mathcal' in version `bold'
(Font)                  OMS/cmsy/m/n --> OMS/cmsy/b/n on input line 2308.
 ("C:\Program Files\MiKTeX 2.9\tex/latex/graphics\graphicx.sty"
Package: graphicx 2017/06/01 v1.1a Enhanced LaTeX Graphics (DPC,SPQR)
 ("C:\Program Files\MiKTeX 2.9\tex/latex/graphics\graphics.sty"
Package: graphics 2019/11/01 v1.3d Standard LaTeX Graphics (DPC,SPQR)
 ("C:\Program Files\MiKTeX 2.9\tex/latex/graphics\trig.sty"
Package: trig 2016/01/03 v1.10 sin cos tan (DPC)
) ("C:\Program Files\MiKTeX 2.9\tex/latex/graphics-cfg\graphics.cfg"
File: graphics.cfg 2016/06/04 v1.11 sample graphics configuration
)
Package graphics Info: Driver file: pdftex.def on input line 105.
 ("C:\Program Files\MiKTeX 2.9\tex/latex/graphics-def\pdftex.def"
File: pdftex.def 2018/01/08 v1.0l Graphics/color driver for pdftex
))
\Gin@req@height=\dimen115
\Gin@req@width=\dimen116
)
\c@figure=\count98
\c@listing=\count99
\c@table=\count100
\abovecaptionskip=\skip50
\belowcaptionskip=\skip51
\tablewidth=\dimen117
 (C:\Users\Francesco\AppData\Roaming\MiKTeX\2.9\tex/latex/natbib\natbib.sty
Package: natbib 2010/09/13 8.31b (PWD, AO)
\bibhang=\skip52
\bibsep=\skip53
LaTeX Info: Redefining \cite on input line 694.
\c@NAT@ctr=\count101
) ("C:\Program Files\MiKTeX 2.9\tex/latex/graphics\color.sty"
Package: color 2016/07/10 v1.1e Standard LaTeX Color (DPC)
 ("C:\Program Files\MiKTeX 2.9\tex/latex/graphics-cfg\color.cfg"
File: color.cfg 2016/01/02 v1.6 sample color configuration
)
Package color Info: Driver file: pdftex.def on input line 147.
) ("C:\Program Files\MiKTeX 2.9\tex/latex/url\url.sty"
\Urlmuskip=\muskip11
Package: url 2013/09/16  ver 3.4  Verb mode for urls, etc.
) 
 Reference style: IOS 2
\@tempcntc=\count102
\t@glob@notes=\toks26
\t@loc@notes=\toks27
\note@cnt=\count103
\c@author=\count104
\n@authors=\count105
\c@address=\count106
\sv@mathsurround=\dimen118
\sv@hyphenpenalty=\count107
\prev@elem=\count108
\cur@elem=\count109
\fm@box=\box29
\fm@size=\dimen119
\t@abstract=\box30
\t@keywords=\box31
\a@title@skip=\dimen120
\b@section@skip=\skip54
\b@pretitle@skip=\skip55
\t@xtheight=\dimen121
\@@topskip=\dimen122
\c@review=\count110
\c@reviewauthor=\count111
\dsreview@toks=\toks28
\dsreview@preskip=\dimen123
\dsreview@postskip=\dimen124
\aug@toks=\toks29
\ead@labels=\toks30
\abstract@skip=\skip56
\keywords@skip=\skip57
\keywords@noabs@skip=\skip58
\c@kwd=\count112
\dp@t@keywords=\dimen125
\@pubyear=\count113
\@copyear=\count114
\bio@tempboxa=\box32
\c@biography=\count115
\notes@box=\box33
("C:\Program Files\MiKTeX 2.9\tex/latex/hyperref\nameref.sty"
Package: nameref 2019/09/16 v2.46 Cross-referencing by name of section
 (C:\Users\Francesco\AppData\Roaming\MiKTeX\2.9\tex/latex/refcount\refcount.sty
Package: refcount 2019/12/15 v3.6 Data extraction from label references (HO)
 ("C:\Program Files\MiKTeX 2.9\tex/generic/ltxcmds\ltxcmds.sty"
Package: ltxcmds 2019/12/15 v1.24 LaTeX kernel commands for general use (HO)
) ("C:\Program Files\MiKTeX 2.9\tex/generic/infwarerr\infwarerr.sty"
Package: infwarerr 2019/12/03 v1.5 Providing info/warning/error messages (HO)
)) (C:\Users\Francesco\AppData\Roaming\MiKTeX\2.9\tex/generic/gettitlestring\gettitlestring.sty
Package: gettitlestring 2019/12/15 v1.6 Cleanup title references (HO)
 ("C:\Program Files\MiKTeX 2.9\tex/latex/kvoptions\kvoptions.sty"
Package: kvoptions 2019/11/29 v3.13 Key value format for package options (HO)
 ("C:\Program Files\MiKTeX 2.9\tex/generic/kvsetkeys\kvsetkeys.sty"
Package: kvsetkeys 2019/12/15 v1.18 Key value parser (HO)
)))
\c@section@level=\count116
LaTeX Info: Redefining \ref on input line 356.
LaTeX Info: Redefining \pageref on input line 356.
) ("C:\Program Files\MiKTeX 2.9\tex/latex/hyperref\hyperref.sty"
Package: hyperref 2019/11/10 v7.00c Hypertext links for LaTeX
 ("C:\Program Files\MiKTeX 2.9\tex/generic/iftex\iftex.sty"
Package: iftex 2019/11/07 v1.0c TeX engine tests
) ("C:\Program Files\MiKTeX 2.9\tex/latex/pdftexcmds\pdftexcmds.sty"
Package: pdftexcmds 2019/11/24 v0.31 Utility functions of pdfTeX for LuaTeX (HO)
Package pdftexcmds Info: \pdf@primitive is available.
Package pdftexcmds Info: \pdf@ifprimitive is available.
Package pdftexcmds Info: \pdfdraftmode found.
) (C:\Users\Francesco\AppData\Roaming\MiKTeX\2.9\tex/generic/kvdefinekeys\kvdefinekeys.sty
Package: kvdefinekeys 2019-12-19 v1.6 Define keys (HO)
) (C:\Users\Francesco\AppData\Roaming\MiKTeX\2.9\tex/generic/pdfescape\pdfescape.sty
Package: pdfescape 2019/12/09 v1.15 Implements pdfTeX's escape features (HO)
) (C:\Users\Francesco\AppData\Roaming\MiKTeX\2.9\tex/latex/hycolor\hycolor.sty
Package: hycolor 2020-01-27 v1.10 Color options for hyperref/bookmark (HO)
) (C:\Users\Francesco\AppData\Roaming\MiKTeX\2.9\tex/latex/letltxmacro\letltxmacro.sty
Package: letltxmacro 2019/12/03 v1.6 Let assignment for LaTeX macros (HO)
) (C:\Users\Francesco\AppData\Roaming\MiKTeX\2.9\tex/latex/auxhook\auxhook.sty
Package: auxhook 2019-12-17 v1.6 Hooks for auxiliary files (HO)
)
\@linkdim=\dimen126
\Hy@linkcounter=\count117
\Hy@pagecounter=\count118
 ("C:\Program Files\MiKTeX 2.9\tex/latex/hyperref\pd1enc.def"
File: pd1enc.def 2019/11/10 v7.00c Hyperref: PDFDocEncoding definition (HO)
Now handling font encoding PD1 ...
... no UTF-8 mapping file for font encoding PD1
) (C:\Users\Francesco\AppData\Roaming\MiKTeX\2.9\tex/generic/intcalc\intcalc.sty
Package: intcalc 2019/12/15 v1.3 Expandable calculations with integers (HO)
) (C:\Users\Francesco\AppData\Roaming\MiKTeX\2.9\tex/generic/etexcmds\etexcmds.sty
Package: etexcmds 2019/12/15 v1.7 Avoid name clashes with e-TeX commands (HO)
)
\Hy@SavedSpaceFactor=\count119
 ("C:\Program Files\MiKTeX 2.9\tex/latex/00miktex\hyperref.cfg"
File: hyperref.cfg 2002/06/06 v1.2 hyperref configuration of TeXLive
)
Package hyperref Info: Hyper figures OFF on input line 4535.
Package hyperref Info: Link nesting OFF on input line 4540.
Package hyperref Info: Hyper index ON on input line 4543.
Package hyperref Info: Plain pages OFF on input line 4550.
Package hyperref Info: Backreferencing OFF on input line 4555.
Package hyperref Info: Implicit mode ON; LaTeX internals redefined.
Package hyperref Info: Bookmarks ON on input line 4788.
\c@Hy@tempcnt=\count120
LaTeX Info: Redefining \url on input line 5147.
\XeTeXLinkMargin=\dimen127
 (C:\Users\Francesco\AppData\Roaming\MiKTeX\2.9\tex/generic/bitset\bitset.sty
Package: bitset 2019/12/09 v1.3 Handle bit-vector datatype (HO)
 (C:\Users\Francesco\AppData\Roaming\MiKTeX\2.9\tex/generic/bigintcalc\bigintcalc.sty
Package: bigintcalc 2019/12/15 v1.5 Expandable calculations on big integers (HO)
))
\Fld@menulength=\count121
\Field@Width=\dimen128
\Fld@charsize=\dimen129
Package hyperref Info: Hyper figures OFF on input line 6418.
Package hyperref Info: Link nesting OFF on input line 6423.
Package hyperref Info: Hyper index ON on input line 6426.
Package hyperref Info: backreferencing OFF on input line 6433.
Package hyperref Info: Link coloring OFF on input line 6438.
Package hyperref Info: Link coloring with OCG OFF on input line 6443.
Package hyperref Info: PDF/A mode OFF on input line 6448.
LaTeX Info: Redefining \ref on input line 6488.
LaTeX Info: Redefining \pageref on input line 6492.
 (C:\Users\Francesco\AppData\Roaming\MiKTeX\2.9\tex/generic/atbegshi\atbegshi.sty
Package: atbegshi 2019/12/05 v1.19 At begin shipout hook (HO)
)
\Hy@abspage=\count122
\c@Item=\count123
\c@Hfootnote=\count124
)
Package hyperref Info: Driver (autodetected): hpdftex.
 ("C:\Program Files\MiKTeX 2.9\tex/latex/hyperref\hpdftex.def"
File: hpdftex.def 2019/11/10 v7.00c Hyperref driver for pdfTeX
 (C:\Users\Francesco\AppData\Roaming\MiKTeX\2.9\tex/latex/atveryend\atveryend.sty
Package: atveryend 2019-12-11 v1.11 Hooks at the very end of document (HO)
)
\Fld@listcount=\count125
\c@bookmark@seq@number=\count126
 (C:\Users\Francesco\AppData\Roaming\MiKTeX\2.9\tex/latex/rerunfilecheck\rerunfilecheck.sty
Package: rerunfilecheck 2019/12/05 v1.9 Rerun checks for auxiliary files (HO)
 (C:\Users\Francesco\AppData\Roaming\MiKTeX\2.9\tex/generic/uniquecounter\uniquecounter.sty
Package: uniquecounter 2019/12/15 v1.4 Provide unlimited unique counter (HO)
)
Package uniquecounter Info: New unique counter `rerunfilecheck' on input line 286.
)
\Hy@SectionHShift=\skip59
)

Package hyperref Warning: Option `bookmarks' has already been used,
(hyperref)                setting the option has no effect on input line 4582.

Package hyperref Info: Option `bookmarksopen' set `true' on input line 4582.
Package hyperref Info: Option `setpagesize' set `false' on input line 4582.
Package hyperref Info: Option `hypertexnames' set `false' on input line 4582.
\c@ios@section@star=\count127
\authors@list=\toks31
\keywords@list=\toks32
LaTeX Info: Redefining \textsubscript on input line 4655.
\c@eleminbid=\count128
) ("C:\Program Files\MiKTeX 2.9\tex/latex/base\fontenc.sty"
Package: fontenc 2018/08/11 v2.0j Standard LaTeX package
 ("C:\Program Files\MiKTeX 2.9\tex/latex/base\t1enc.def"
File: t1enc.def 2018/08/11 v2.0j Standard LaTeX file
LaTeX Font Info:    Redeclaring font encoding T1 on input line 48.
)) ("C:\Program Files\MiKTeX 2.9\tex/latex/tools\rawfonts.sty"
Package: rawfonts 1994/05/08 Low-level LaTeX 2.09 font compatibility
 ("C:\Program Files\MiKTeX 2.9\tex/latex/tools\somedefs.sty"
Package: somedefs 1994/06/01 v0.03 Toolkit for optional definitions
)
LaTeX Font Info:    Trying to load font information for U+lasy on input line 49.
 ("C:\Program Files\MiKTeX 2.9\tex/latex/base\ulasy.fd"
File: ulasy.fd 1998/08/17 v2.2e LaTeX symbol font definitions
)

LaTeX Font Warning: Font shape `OT1/cmr/m/n' in size <20> not available
(Font)              size <20.74> substituted on input line 119.


LaTeX Font Warning: Font shape `OML/cmm/m/it' in size <20> not available
(Font)              size <20.74> substituted on input line 120.


LaTeX Font Warning: Font shape `OMS/cmsy/m/n' in size <20> not available
(Font)              size <20.74> substituted on input line 121.


LaTeX Font Warning: Font shape `U/lasy/m/n' in size <20> not available
(Font)              size <20.74> substituted on input line 122.

) (C:\Users\Francesco\AppData\Roaming\MiKTeX\2.9\tex/latex/stmaryrd\stmaryrd.sty
Package: stmaryrd 1994/03/03 St Mary's Road symbol package
\symstmry=\mathgroup6
LaTeX Font Info:    Overwriting symbol font `stmry' in version `bold'
(Font)                  U/stmry/m/n --> U/stmry/b/n on input line 89.
) (C:\Users\Francesco\AppData\Roaming\MiKTeX\2.9\tex/latex/txfonts\txfonts.sty
Package: txfonts 2008/01/22 v3.2.1
LaTeX Font Info:    Redeclaring symbol font `operators' on input line 21.
LaTeX Font Info:    Overwriting symbol font `operators' in version `normal'
(Font)                  OT1/cmr/m/n --> OT1/txr/m/n on input line 21.
LaTeX Font Info:    Overwriting symbol font `operators' in version `bold'
(Font)                  OT1/cmr/bx/n --> OT1/txr/m/n on input line 21.
LaTeX Font Info:    Overwriting symbol font `operators' in version `bold'
(Font)                  OT1/txr/m/n --> OT1/txr/bx/n on input line 22.
\symitalic=\mathgroup7
LaTeX Font Info:    Overwriting symbol font `italic' in version `bold'
(Font)                  OT1/txr/m/it --> OT1/txr/bx/it on input line 26.
LaTeX Font Info:    Redeclaring math alphabet \mathrm on input line 28.
LaTeX Font Info:    Redeclaring math alphabet \mathbf on input line 29.
LaTeX Font Info:    Overwriting math alphabet `\mathbf' in version `normal'
(Font)                  T1/ptm/b/n --> OT1/txr/bx/n on input line 29.
LaTeX Font Info:    Overwriting math alphabet `\mathbf' in version `bold'
(Font)                  T1/ptm/b/n --> OT1/txr/bx/n on input line 29.
LaTeX Font Info:    Redeclaring math alphabet \mathit on input line 30.
LaTeX Font Info:    Overwriting math alphabet `\mathit' in version `normal'
(Font)                  T1/ptm/m/it --> OT1/txr/m/it on input line 30.
LaTeX Font Info:    Overwriting math alphabet `\mathit' in version `bold'
(Font)                  T1/ptm/b/it --> OT1/txr/m/it on input line 30.
LaTeX Font Info:    Overwriting math alphabet `\mathit' in version `bold'
(Font)                  OT1/txr/m/it --> OT1/txr/bx/it on input line 31.
LaTeX Font Info:    Redeclaring math alphabet \mathsf on input line 40.
LaTeX Font Info:    Overwriting math alphabet `\mathsf' in version `normal'
(Font)                  T1/phv/m/n --> OT1/txss/m/n on input line 40.
LaTeX Font Info:    Overwriting math alphabet `\mathsf' in version `bold'
(Font)                  T1/phv/b/n --> OT1/txss/m/n on input line 40.
LaTeX Font Info:    Overwriting math alphabet `\mathsf' in version `bold'
(Font)                  OT1/txss/m/n --> OT1/txss/b/n on input line 41.
LaTeX Font Info:    Redeclaring math alphabet \mathtt on input line 50.
LaTeX Font Info:    Overwriting math alphabet `\mathtt' in version `normal'
(Font)                  T1/pcr/m/n --> OT1/txtt/m/n on input line 50.
LaTeX Font Info:    Overwriting math alphabet `\mathtt' in version `bold'
(Font)                  T1/pcr/b/n --> OT1/txtt/m/n on input line 50.
LaTeX Font Info:    Overwriting math alphabet `\mathtt' in version `bold'
(Font)                  OT1/txtt/m/n --> OT1/txtt/b/n on input line 51.
LaTeX Font Info:    Redeclaring symbol font `letters' on input line 58.
LaTeX Font Info:    Overwriting symbol font `letters' in version `normal'
(Font)                  OML/txmi/m/it --> OML/txmi/m/it on input line 58.
LaTeX Font Info:    Overwriting symbol font `letters' in version `bold'
(Font)                  OML/txmi/bx/it --> OML/txmi/m/it on input line 58.
LaTeX Font Info:    Overwriting symbol font `letters' in version `bold'
(Font)                  OML/txmi/m/it --> OML/txmi/bx/it on input line 59.
\symlettersA=\mathgroup8
LaTeX Font Info:    Overwriting symbol font `lettersA' in version `bold'
(Font)                  U/txmia/m/it --> U/txmia/bx/it on input line 67.
LaTeX Font Info:    Redeclaring math alphabet \mathfrak on input line 70.
LaTeX Font Info:    Redeclaring symbol font `symbols' on input line 77.
LaTeX Font Info:    Overwriting symbol font `symbols' in version `normal'
(Font)                  OMS/cmsy/m/n --> OMS/txsy/m/n on input line 77.
LaTeX Font Info:    Overwriting symbol font `symbols' in version `bold'
(Font)                  OMS/cmsy/b/n --> OMS/txsy/m/n on input line 77.
LaTeX Font Info:    Overwriting symbol font `symbols' in version `bold'
(Font)                  OMS/txsy/m/n --> OMS/txsy/bx/n on input line 78.
LaTeX Font Info:    Redeclaring symbol font `AMSa' on input line 93.
LaTeX Font Info:    Overwriting symbol font `AMSa' in version `normal'
(Font)                  U/msa/m/n --> U/txsya/m/n on input line 93.
LaTeX Font Info:    Overwriting symbol font `AMSa' in version `bold'
(Font)                  U/msa/m/n --> U/txsya/m/n on input line 93.
LaTeX Font Info:    Overwriting symbol font `AMSa' in version `bold'
(Font)                  U/txsya/m/n --> U/txsya/bx/n on input line 94.
LaTeX Font Info:    Redeclaring symbol font `AMSb' on input line 102.
LaTeX Font Info:    Overwriting symbol font `AMSb' in version `normal'
(Font)                  U/msb/m/n --> U/txsyb/m/n on input line 102.
LaTeX Font Info:    Overwriting symbol font `AMSb' in version `bold'
(Font)                  U/msb/m/n --> U/txsyb/m/n on input line 102.
LaTeX Font Info:    Overwriting symbol font `AMSb' in version `bold'
(Font)                  U/txsyb/m/n --> U/txsyb/bx/n on input line 103.
\symsymbolsC=\mathgroup9
LaTeX Font Info:    Overwriting symbol font `symbolsC' in version `bold'
(Font)                  U/txsyc/m/n --> U/txsyc/bx/n on input line 113.
LaTeX Font Info:    Redeclaring symbol font `largesymbols' on input line 120.
LaTeX Font Info:    Overwriting symbol font `largesymbols' in version `normal'
(Font)                  OMX/cmex/m/n --> OMX/txex/m/n on input line 120.
LaTeX Font Info:    Overwriting symbol font `largesymbols' in version `bold'
(Font)                  OMX/cmex/m/n --> OMX/txex/m/n on input line 120.
LaTeX Font Info:    Overwriting symbol font `largesymbols' in version `bold'
(Font)                  OMX/txex/m/n --> OMX/txex/bx/n on input line 121.
\symlargesymbolsA=\mathgroup10
LaTeX Font Info:    Overwriting symbol font `largesymbolsA' in version `bold'
(Font)                  U/txexa/m/n --> U/txexa/bx/n on input line 129.
LaTeX Font Info:    Redeclaring math symbol \mathsterling on input line 164.
LaTeX Font Info:    Redeclaring math delimiter \ulcorner on input line 475.
LaTeX Font Info:    Redeclaring math delimiter \urcorner on input line 476.
LaTeX Font Info:    Redeclaring math delimiter \llcorner on input line 482.
LaTeX Font Info:    Redeclaring math delimiter \lrcorner on input line 483.
LaTeX Font Info:    Redeclaring math delimiter \llbracket on input line 744.
LaTeX Font Info:    Redeclaring math delimiter \rrbracket on input line 745.
LaTeX Info: Redefining \not on input line 1043.
LaTeX Info: Redefining \textsquare on input line 1063.
LaTeX Info: Redefining \openbox on input line 1064.
) (C:\Users\Francesco\AppData\Roaming\MiKTeX\2.9\tex/latex/bbm\bbm.sty
Package: bbm 1999/03/15 V 1.2 provides fonts for set symbols - TH
LaTeX Font Info:    Overwriting math alphabet `\mathbbm' in version `bold'
(Font)                  U/bbm/m/n --> U/bbm/bx/n on input line 33.
LaTeX Font Info:    Overwriting math alphabet `\mathbbmss' in version `bold'
(Font)                  U/bbmss/m/n --> U/bbmss/bx/n on input line 35.
) ("C:\Program Files\MiKTeX 2.9\tex/latex/tools\calc.sty"
Package: calc 2017/05/25 v4.3 Infix arithmetic (KKT,FJ)
\calc@Acount=\count129
\calc@Bcount=\count130
\calc@Adimen=\dimen130
\calc@Bdimen=\dimen131
\calc@Askip=\skip60
\calc@Bskip=\skip61
LaTeX Info: Redefining \setlength on input line 80.
LaTeX Info: Redefining \addtolength on input line 81.
\calc@Ccount=\count131
\calc@Cskip=\skip62
) (C:\Users\Francesco\AppData\Roaming\MiKTeX\2.9\tex/latex/psnfss\mathptmx.sty
Package: mathptmx 2020/03/25 PSNFSS-v9.3 Times w/ Math, improved (SPQR, WaS) 
LaTeX Font Info:    Redeclaring symbol font `operators' on input line 28.
LaTeX Font Info:    Overwriting symbol font `operators' in version `normal'
(Font)                  OT1/txr/m/n --> OT1/ztmcm/m/n on input line 28.
LaTeX Font Info:    Overwriting symbol font `operators' in version `bold'
(Font)                  OT1/txr/bx/n --> OT1/ztmcm/m/n on input line 28.
LaTeX Font Info:    Redeclaring symbol font `letters' on input line 29.
LaTeX Font Info:    Overwriting symbol font `letters' in version `normal'
(Font)                  OML/txmi/m/it --> OML/ztmcm/m/it on input line 29.
LaTeX Font Info:    Overwriting symbol font `letters' in version `bold'
(Font)                  OML/txmi/bx/it --> OML/ztmcm/m/it on input line 29.
LaTeX Font Info:    Redeclaring symbol font `symbols' on input line 30.
LaTeX Font Info:    Overwriting symbol font `symbols' in version `normal'
(Font)                  OMS/txsy/m/n --> OMS/ztmcm/m/n on input line 30.
LaTeX Font Info:    Overwriting symbol font `symbols' in version `bold'
(Font)                  OMS/txsy/bx/n --> OMS/ztmcm/m/n on input line 30.
LaTeX Font Info:    Redeclaring symbol font `largesymbols' on input line 31.
LaTeX Font Info:    Overwriting symbol font `largesymbols' in version `normal'
(Font)                  OMX/txex/m/n --> OMX/ztmcm/m/n on input line 31.
LaTeX Font Info:    Overwriting symbol font `largesymbols' in version `bold'
(Font)                  OMX/txex/bx/n --> OMX/ztmcm/m/n on input line 31.
\symbold=\mathgroup11
LaTeX Font Info:    Redeclaring symbol font `italic' on input line 33.
LaTeX Font Info:    Overwriting symbol font `italic' in version `normal'
(Font)                  OT1/txr/m/it --> OT1/ptm/m/it on input line 33.
LaTeX Font Info:    Overwriting symbol font `italic' in version `bold'
(Font)                  OT1/txr/bx/it --> OT1/ptm/m/it on input line 33.
LaTeX Font Info:    Redeclaring math alphabet \mathbf on input line 34.
LaTeX Font Info:    Overwriting math alphabet `\mathbf' in version `normal'
(Font)                  OT1/txr/bx/n --> OT1/ptm/bx/n on input line 34.
LaTeX Font Info:    Overwriting math alphabet `\mathbf' in version `bold'
(Font)                  OT1/txr/bx/n --> OT1/ptm/bx/n on input line 34.
LaTeX Font Info:    Redeclaring math alphabet \mathit on input line 35.
LaTeX Font Info:    Overwriting math alphabet `\mathit' in version `normal'
(Font)                  OT1/txr/m/it --> OT1/ptm/m/it on input line 35.
LaTeX Font Info:    Overwriting math alphabet `\mathit' in version `bold'
(Font)                  OT1/txr/bx/it --> OT1/ptm/m/it on input line 35.
LaTeX Info: Redefining \hbar on input line 50.
) ("C:\Program Files\MiKTeX 2.9\tex/latex/tools\verbatim.sty"
Package: verbatim 2019/11/10 v1.5r LaTeX2e package for verbatim enhancements
\every@verbatim=\toks33
\verbatim@line=\toks34
\verbatim@in@stream=\read1
) (C:\Users\Francesco\AppData\Roaming\MiKTeX\2.9\tex/generic/xypic\xy.sty (C:\Users\Francesco\AppData\Roaming\MiKTeX\2.9\tex/generic/xypic\xy.tex Bootstrap'ing: catcodes, docmode, (C:\Users\Francesco\AppData\Roaming\MiKTeX\2.9\tex/generic/xypic\xyrecat.tex) (C:\Users\Francesco\AppData\Roaming\MiKTeX\2.9\tex/generic/xypic\xyidioms.tex)

 Xy-pic version 3.8.9 <2013/10/06>
 Copyright (c) 1991-2013 by Kristoffer H. Rose <krisrose@tug.org> and others
 Xy-pic is free software: see the User's Guide for details.

Loading kernel: messages; fonts; allocations: state,
\X@c=\dimen132
\Y@c=\dimen133
\U@c=\dimen134
\D@c=\dimen135
\L@c=\dimen136
\R@c=\dimen137
\Edge@c=\toks35
\X@p=\dimen138
\Y@p=\dimen139
\U@p=\dimen140
\D@p=\dimen141
\L@p=\dimen142
\R@p=\dimen143
\Edge@p=\toks36
\X@origin=\dimen144
\Y@origin=\dimen145
\X@xbase=\dimen146
\Y@xbase=\dimen147
\X@ybase=\dimen148
\Y@ybase=\dimen149
\X@min=\dimen150
\Y@min=\dimen151
\X@max=\dimen152
\Y@max=\dimen153
\lastobjectbox@=\box34
\zerodotbox@=\box35
\almostz@=\dimen154
 direction,
\d@X=\dimen155
\d@Y=\dimen156
\K@=\count132
\KK@=\count133
\Direction=\count134
\K@dXdY=\dimen157
\K@dYdX=\dimen158
\xyread@=\read2
\xywrite@=\write3
\csp@=\count135
\quotPTK@=\dimen159
 utility macros; pictures: \xy, positions,
\swaptoks@@=\toks37
\connectobjectbox@@=\box36
 objects,
\styletoks@=\toks38
 decorations; kernel objects: directionals, circles, text; options; algorithms: directions, edges, connections;  Xy-pic loaded) ("C:\Program Files\MiKTeX 2.9\tex/generic/iftex\ifpdf.sty"
Package: ifpdf 2019/10/25 v3.4 ifpdf legacy package. Use iftex instead.
)
Package: xy 2013/10/06 Xy-pic version 3.8.9
 (C:\Users\Francesco\AppData\Roaming\MiKTeX\2.9\tex/generic/xypic\xyall.tex  Xy-pic option: All features v.3.8 (C:\Users\Francesco\AppData\Roaming\MiKTeX\2.9\tex/generic/xypic\xycurve.tex  Xy-pic option: Curve and Spline extension v.3.12 curve,
\crv@cnt@=\count136
\crvpts@=\toks39
\splinebox@=\box37
\splineval@=\dimen160
\splinedepth@=\dimen161
\splinetol@=\dimen162
\splinelength@=\dimen163
 circles,
\L@=\dimen164
 loaded) (C:\Users\Francesco\AppData\Roaming\MiKTeX\2.9\tex/generic/xypic\xyframe.tex  Xy-pic option: Frame and Bracket extension v.3.14 loaded) (C:\Users\Francesco\AppData\Roaming\MiKTeX\2.9\tex/generic/xypic\xycmtip.tex  Xy-pic option: Computer Modern tip extension v.3.7 (C:\Users\Francesco\AppData\Roaming\MiKTeX\2.9\tex/generic/xypic\xytips.tex  Xy-pic option: More Tips extension v.3.11 loaded) loaded) (C:\Users\Francesco\AppData\Roaming\MiKTeX\2.9\tex/generic/xypic\xyline.tex  Xy-pic option: Line styles extension v.3.10
\xylinethick@=\dimen165
 loaded) (C:\Users\Francesco\AppData\Roaming\MiKTeX\2.9\tex/generic/xypic\xyrotate.tex  Xy-pic option: Rotate and Scale extension v.3.8 loaded) (C:\Users\Francesco\AppData\Roaming\MiKTeX\2.9\tex/generic/xypic\xycolor.tex  Xy-pic option: Colour extension v.3.11 loaded) (C:\Users\Francesco\AppData\Roaming\MiKTeX\2.9\tex/generic/xypic\xymatrix.tex  Xy-pic option: Matrix feature v.3.14
\Row=\count137
\Col=\count138
\queue@=\toks40
\queue@@=\toks41
\qcount@=\count139
\qcount@@=\count140
\matrixsize@=\count141
 loaded) (C:\Users\Francesco\AppData\Roaming\MiKTeX\2.9\tex/generic/xypic\xyarrow.tex  Xy-pic option: Arrow and Path feature v.3.9 path, \ar, loaded) (C:\Users\Francesco\AppData\Roaming\MiKTeX\2.9\tex/generic/xypic\xygraph.tex  Xy-pic option: Graph feature v.3.11 loaded) loaded) (C:\Users\Francesco\AppData\Roaming\MiKTeX\2.9\tex/generic/xypic\xypdf.tex  Xy-pic option: PDF driver v.1.7 Xy-pic pdf driver: `color' extension support (C:\Users\Francesco\AppData\Roaming\MiKTeX\2.9\tex/generic/xypic\xypdf-co.tex loaded) Xy-pic pdf driver: `curve' extension support (C:\Users\Francesco\AppData\Roaming\MiKTeX\2.9\tex/generic/xypic\xypdf-cu.tex loaded) Xy-pic pdf driver: `frame' extension support (C:\Users\Francesco\AppData\Roaming\MiKTeX\2.9\tex/generic/xypic\xypdf-fr.tex loaded) Xy-pic pdf driver: `line' extension support (C:\Users\Francesco\AppData\Roaming\MiKTeX\2.9\tex/generic/xypic\xypdf-li.tex loaded) Xy-pic pdf driver: `rotate' extension support (C:\Users\Francesco\AppData\Roaming\MiKTeX\2.9\tex/generic/xypic\xypdf-ro.tex loaded) loaded)) ("C:\Program Files\MiKTeX 2.9\tex/latex/tools\multicol.sty"
Package: multicol 2019/03/01 v1.8w multicolumn formatting (FMi)
\c@tracingmulticols=\count142
\mult@box=\box38
\multicol@leftmargin=\dimen166
\c@unbalance=\count143
\c@collectmore=\count144
\doublecol@number=\count145
\multicoltolerance=\count146
\multicolpretolerance=\count147
\full@width=\dimen167
\page@free=\dimen168
\premulticols=\dimen169
\postmulticols=\dimen170
\multicolsep=\skip63
\multicolbaselineskip=\skip64
\partial@page=\box39
\last@line=\box40
\maxbalancingoverflow=\dimen171
\mult@rightbox=\box41
\mult@grightbox=\box42
\mult@gfirstbox=\box43
\mult@firstbox=\box44
\@tempa=\box45
\@tempa=\box46
\@tempa=\box47
\@tempa=\box48
\@tempa=\box49
\@tempa=\box50
\@tempa=\box51
\@tempa=\box52
\@tempa=\box53
\@tempa=\box54
\@tempa=\box55
\@tempa=\box56
\@tempa=\box57
\@tempa=\box58
\@tempa=\box59
\@tempa=\box60
\@tempa=\box61
\c@minrows=\count148
\c@columnbadness=\count149
\c@finalcolumnbadness=\count150
\last@try=\dimen172
\multicolovershoot=\dimen173
\multicolundershoot=\dimen174
\mult@nat@firstbox=\box62
\colbreak@box=\box63
\mc@col@check@num=\count151
) ("C:\Program Files\MiKTeX 2.9\tex/latex/tools\enumerate.sty"
Package: enumerate 2015/07/23 v3.00 enumerate extensions (DPC)
\@enLab=\toks42
) (C:\Users\Francesco\AppData\Roaming\MiKTeX\2.9\tex/latex/pdflscape\pdflscape.sty
Package: pdflscape 2019/12/05 v0.12 Display of landscape pages in PDF (HO)
 ("C:\Program Files\MiKTeX 2.9\tex/latex/graphics\lscape.sty"
Package: lscape 2000/10/22 v3.01 Landscape Pages (DPC)
)
Package pdflscape Info: Auto-detected driver: pdftex on input line 81.
) (C:\Users\Francesco\AppData\Roaming\MiKTeX\2.9\tex/latex/float\float.sty
Package: float 2001/11/08 v1.3d Float enhancements (AL)
\c@float@type=\count152
\float@exts=\toks43
\float@box=\box64
\@float@everytoks=\toks44
\@floatcapt=\box65
) (C:\Users\Francesco\AppData\Roaming\MiKTeX\2.9\tex/latex/listings\listings.sty
\lst@mode=\count153
\lst@gtempboxa=\box66
\lst@token=\toks45
\lst@length=\count154
\lst@currlwidth=\dimen175
\lst@column=\count155
\lst@pos=\count156
\lst@lostspace=\dimen176
\lst@width=\dimen177
\lst@newlines=\count157
\lst@lineno=\count158
\lst@maxwidth=\dimen178
 (C:\Users\Francesco\AppData\Roaming\MiKTeX\2.9\tex/latex/listings\lstmisc.sty
File: lstmisc.sty 2020/03/24 1.8d (Carsten Heinz)
\c@lstnumber=\count159
\lst@skipnumbers=\count160
\lst@framebox=\box67
) (C:\Users\Francesco\AppData\Roaming\MiKTeX\2.9\tex/latex/listings\listings.cfg
File: listings.cfg 2020/03/24 1.8d listings configuration
))
Package: listings 2020/03/24 1.8d (Carsten Heinz)
\c@cntaxb=\count161
\c@cntdefb=\count162
\c@cntfmb=\count163
\c@cntthrb=\count164
\c@cntax=\count165
\c@cntdef=\count166
\c@cntfm=\count167
\c@cntthr=\count168
\c@cntdbdf=\count169
\c@cntdbax=\count170
\c@cntdbth=\count171
\c@cntdblm=\count172
\c@cntbddf=\count173
\c@cntbdax=\count174
\c@cntbdth=\count175
 (ao_bfo_dolce_mappings_v0.2.aux

LaTeX Warning: Label `xx' multiply defined.


LaTeX Warning: Label `sect_dolce' multiply defined.


LaTeX Warning: Label `d2b_treg' multiply defined.


LaTeX Warning: Label `d_partictime' multiply defined.

)
\openout1 = `ao_bfo_dolce_mappings_v0.2.aux'.

LaTeX Font Info:    Checking defaults for OML/txmi/m/it on input line 493.
LaTeX Font Info:    Trying to load font information for OML+txmi on input line 493.
 (C:\Users\Francesco\AppData\Roaming\MiKTeX\2.9\tex/latex/txfonts\omltxmi.fd
File: omltxmi.fd 2000/12/15 v3.1
)
LaTeX Font Info:    ... okay on input line 493.
LaTeX Font Info:    Checking defaults for T1/cmr/m/n on input line 493.
LaTeX Font Info:    ... okay on input line 493.
LaTeX Font Info:    Checking defaults for OT1/cmr/m/n on input line 493.
LaTeX Font Info:    ... okay on input line 493.
LaTeX Font Info:    Checking defaults for OMS/txsy/m/n on input line 493.
LaTeX Font Info:    Trying to load font information for OMS+txsy on input line 493.
 (C:\Users\Francesco\AppData\Roaming\MiKTeX\2.9\tex/latex/txfonts\omstxsy.fd
File: omstxsy.fd 2000/12/15 v3.1
)
LaTeX Font Info:    ... okay on input line 493.
LaTeX Font Info:    Checking defaults for OMX/txex/m/n on input line 493.
LaTeX Font Info:    Trying to load font information for OMX+txex on input line 493.
 (C:\Users\Francesco\AppData\Roaming\MiKTeX\2.9\tex/latex/txfonts\omxtxex.fd
File: omxtxex.fd 2000/12/15 v3.1
)
LaTeX Font Info:    ... okay on input line 493.
LaTeX Font Info:    Checking defaults for U/txexa/m/n on input line 493.
LaTeX Font Info:    Trying to load font information for U+txexa on input line 493.
 (C:\Users\Francesco\AppData\Roaming\MiKTeX\2.9\tex/latex/txfonts\utxexa.fd
File: utxexa.fd 2000/12/15 v3.1
)
LaTeX Font Info:    ... okay on input line 493.
LaTeX Font Info:    Checking defaults for PD1/pdf/m/n on input line 493.
LaTeX Font Info:    ... okay on input line 493.
\numberlines@box=\box68
\numberlines@box@skip=\skip65
LaTeX Font Info:    Trying to load font information for T1+txtt on input line 493.
 (C:\Users\Francesco\AppData\Roaming\MiKTeX\2.9\tex/latex/txfonts\t1txtt.fd
File: t1txtt.fd 2000/12/15 v3.1
)
\pdf@box=\box69
\pdf@addtoksx=\toks46
 ("C:\Program Files\MiKTeX 2.9\tex/context/base/mkii\supp-pdf.mkii"
[Loading MPS to PDF converter (version 2006.09.02).]
\scratchcounter=\count176
\scratchdimen=\dimen179
\scratchbox=\box70
\nofMPsegments=\count177
\nofMParguments=\count178
\everyMPshowfont=\toks47
\MPscratchCnt=\count179
\MPscratchDim=\dimen180
\MPnumerator=\count180
\makeMPintoPDFobject=\count181
\everyMPtoPDFconversion=\toks48
) ("C:\Program Files\MiKTeX 2.9\tex/latex/epstopdf-pkg\epstopdf-base.sty"
Package: epstopdf-base 2019-12-09 v2.10 Base part for package epstopdf
Package epstopdf-base Info: Redefining graphics rule for `.eps' on input line 485.
)
\AtBeginShipoutBox=\box71
Package hyperref Info: Link coloring OFF on input line 493.
LaTeX Info: Redefining \ref on input line 493.
LaTeX Info: Redefining \pageref on input line 493.
LaTeX Info: Redefining \nameref on input line 493.
 (ao_bfo_dolce_mappings_v0.2.out) (ao_bfo_dolce_mappings_v0.2.out)
\@outlinefile=\write4
\openout4 = `ao_bfo_dolce_mappings_v0.2.out'.

LaTeX Font Info:    Trying to load font information for OT1+ztmcm on input line 493.
 (C:\Users\Francesco\AppData\Roaming\MiKTeX\2.9\tex/latex/psnfss\ot1ztmcm.fd
File: ot1ztmcm.fd 2000/01/03 Fontinst v1.801 font definitions for OT1/ztmcm.
)
LaTeX Font Info:    Trying to load font information for OML+ztmcm on input line 493.
 (C:\Users\Francesco\AppData\Roaming\MiKTeX\2.9\tex/latex/psnfss\omlztmcm.fd
File: omlztmcm.fd 2000/01/03 Fontinst v1.801 font definitions for OML/ztmcm.
)
LaTeX Font Info:    Trying to load font information for OMS+ztmcm on input line 493.
 (C:\Users\Francesco\AppData\Roaming\MiKTeX\2.9\tex/latex/psnfss\omsztmcm.fd
File: omsztmcm.fd 2000/01/03 Fontinst v1.801 font definitions for OMS/ztmcm.
)
LaTeX Font Info:    Trying to load font information for OMX+ztmcm on input line 493.
 (C:\Users\Francesco\AppData\Roaming\MiKTeX\2.9\tex/latex/psnfss\omxztmcm.fd
File: omxztmcm.fd 2000/01/03 Fontinst v1.801 font definitions for OMX/ztmcm.
)
LaTeX Font Info:    Trying to load font information for U+txsya on input line 493.
 (C:\Users\Francesco\AppData\Roaming\MiKTeX\2.9\tex/latex/txfonts\utxsya.fd
File: utxsya.fd 2000/12/15 v3.1
)
LaTeX Font Info:    Trying to load font information for U+txsyb on input line 493.
 (C:\Users\Francesco\AppData\Roaming\MiKTeX\2.9\tex/latex/txfonts\utxsyb.fd
File: utxsyb.fd 2000/12/15 v3.1
)
LaTeX Font Info:    Trying to load font information for U+stmry on input line 493.
 (C:\Users\Francesco\AppData\Roaming\MiKTeX\2.9\tex/latex/stmaryrd\ustmry.fd)
LaTeX Font Info:    Trying to load font information for OT1+ptm on input line 493.
 (C:\Users\Francesco\AppData\Roaming\MiKTeX\2.9\tex/latex/psnfss\ot1ptm.fd
File: ot1ptm.fd 2001/06/04 font definitions for OT1/ptm.
)
LaTeX Font Info:    Trying to load font information for U+txmia on input line 493.
 (C:\Users\Francesco\AppData\Roaming\MiKTeX\2.9\tex/latex/txfonts\utxmia.fd
File: utxmia.fd 2000/12/15 v3.1
)
LaTeX Font Info:    Trying to load font information for U+txsyc on input line 493.
 (C:\Users\Francesco\AppData\Roaming\MiKTeX\2.9\tex/latex/txfonts\utxsyc.fd
File: utxsyc.fd 2000/12/15 v3.1
)
LaTeX Font Info:    Font shape `OT1/ptm/bx/n' in size <11> not available
(Font)              Font shape `OT1/ptm/b/n' tried instead on input line 493.
LaTeX Font Info:    Font shape `OT1/ptm/bx/n' in size <7.6> not available
(Font)              Font shape `OT1/ptm/b/n' tried instead on input line 493.
LaTeX Font Info:    Font shape `OT1/ptm/bx/n' in size <6> not available
(Font)              Font shape `OT1/ptm/b/n' tried instead on input line 493.
Package xypdf Info: Line width: 0.43988pt on input line 493.
\c@lstlisting=\count182
\c@sv@footnote=\count183


LaTeX Font Warning: Font shape `U/stmry/m/n' in size <16> not available
(Font)              size <17.28> substituted on input line 497.

LaTeX Font Info:    Font shape `OT1/ptm/bx/n' in size <25> not available
(Font)              Font shape `OT1/ptm/b/n' tried instead on input line 497.
LaTeX Font Info:    Font shape `OT1/ptm/bx/n' in size <16> not available
(Font)              Font shape `OT1/ptm/b/n' tried instead on input line 497.
LaTeX Font Info:    Font shape `OT1/ptm/bx/n' in size <12> not available
(Font)              Font shape `OT1/ptm/b/n' tried instead on input line 497.
LaTeX Font Info:    Font shape `OT1/ptm/bx/n' in size <9> not available
(Font)              Font shape `OT1/ptm/b/n' tried instead on input line 501.
LaTeX Font Info:    Font shape `OT1/ptm/bx/n' in size <7> not available
(Font)              Font shape `OT1/ptm/b/n' tried instead on input line 501.

LaTeX Font Warning: Command \scriptsize invalid in math mode on input line 501.


LaTeX Font Warning: Command \scriptsize invalid in math mode on input line 502.


LaTeX Font Warning: Command \scriptsize invalid in math mode on input line 504.


LaTeX Font Warning: Command \scriptsize invalid in math mode on input line 506.


LaTeX Font Warning: Command \scriptsize invalid in math mode on input line 506.


LaTeX Font Warning: Command \scriptsize invalid in math mode on input line 507.


LaTeX Font Warning: Command \scriptsize invalid in math mode on input line 507.


LaTeX Font Warning: Command \scriptsize invalid in math mode on input line 509.


LaTeX Font Warning: Command \scriptsize invalid in math mode on input line 509.

\c@sv@footnote=\count184
LaTeX Font Info:    Font shape `OT1/ptm/bx/n' in size <5> not available
(Font)              Font shape `OT1/ptm/b/n' tried instead on input line 544.
LaTeX Font Info:    Trying to load font information for OMS+ptm on input line 579.
(C:\Users\Francesco\AppData\Roaming\MiKTeX\2.9\tex/latex/psnfss\omsptm.fd
File: omsptm.fd 
)
LaTeX Font Info:    Font shape `OMS/ptm/m/n' in size <9> not available
(Font)              Font shape `OMS/cmsy/m/n' tried instead on input line 579.
 [1{C:/Users/Francesco/AppData/Local/MiKTeX/2.9/pdftex/config/pdftex.map}]
Overfull \hbox (56.9055pt too wide) in paragraph at lines 580--580
[]| $[]$ 
 []


Overfull \hbox (56.9055pt too wide) in paragraph at lines 580--580
[]| $[]$ 
 []

LaTeX Font Info:    Trying to load font information for OT1+txtt on input line 580.
(C:\Users\Francesco\AppData\Roaming\MiKTeX\2.9\tex/latex/txfonts\ot1txtt.fd
File: ot1txtt.fd 2000/12/15 v3.1
)

LaTeX Warning: Marginpar on page 2 moved.


Overfull \hbox (0.94484pt too wide) in paragraph at lines 681--681
[]$[]$| 
 []


Overfull \hbox (4.81567pt too wide) in paragraph at lines 665--686
[]  [] 
 []

<xymatrix
LaTeX Font Info:    Font shape `OT1/ptm/bx/n' in size <10> not available
(Font)              Font shape `OT1/ptm/b/n' tried instead on input line 723.
LaTeX Font Info:    Font shape `OT1/ptm/bx/n' in size <7.4> not available
(Font)              Font shape `OT1/ptm/b/n' tried instead on input line 723.
 12x6 1444>
Overfull \hbox (56.9055pt too wide) in paragraph at lines 728--728
[]| $[]$ 
 []

LaTeX Font Info:    Font shape `OT1/ptm/bx/n' in size <8> not available
(Font)              Font shape `OT1/ptm/b/n' tried instead on input line 732.

LaTeX Font Warning: Command \small invalid in math mode on input line 732.


LaTeX Font Warning: Command \small invalid in math mode on input line 732.


Overfull \hbox (56.9055pt too wide) in paragraph at lines 732--732
[]| $[]$ 
 []


LaTeX Warning: Marginpar on page 2 moved.

[2]
LaTeX Font Info:    Font shape `T1/txtt/b/n' in size <10> not available
(Font)              Font shape `T1/txtt/bx/n' tried instead on input line 735.

Overfull \hbox (56.9055pt too wide) in paragraph at lines 735--735
[]| $[]$ 
 []


LaTeX Warning: Marginpar on page 3 moved.

[3]
Overfull \hbox (56.9055pt too wide) in paragraph at lines 771--771
[]| $[]$ 
 []


Package natbib Warning: Citation `D18' on page 4 undefined on input line 771.


Overfull \hbox (56.9055pt too wide) in paragraph at lines 771--771
[]| $[]$ 
 []


Overfull \hbox (56.9055pt too wide) in paragraph at lines 771--771
[]| $[]$ 
 []


LaTeX Warning: Marginpar on page 4 moved.


LaTeX Warning: Marginpar on page 4 moved.


Overfull \hbox (56.9055pt too wide) in paragraph at lines 791--791
[]| $[]$ 
 []


Overfull \hbox (56.9055pt too wide) in paragraph at lines 807--807
[]| $[]$ 
 []


LaTeX Warning: Marginpar on page 4 moved.


Overfull \hbox (0.64462pt too wide) in paragraph at lines 876--876
[]$[]$| 
 []


Overfull \hbox (0.64462pt too wide) in paragraph at lines 878--878
[]$[]$| 
 []

<xymatrix 15x7 1526> [4]

Package natbib Warning: Citation `barryBasicFormalOntology2015' on page 5 undefined on input line 979.


Package natbib Warning: Citation `D18' on page 5 undefined on input line 979.


Overfull \hbox (56.9055pt too wide) in paragraph at lines 979--979
[]| $[]$ 
 []

[5]

LaTeX Warning: Marginpar on page 6 moved.


Overfull \hbox (56.9055pt too wide) in paragraph at lines 997--997
[]| $[]$ 
 []

[6]

LaTeX Warning: Marginpar on page 7 moved.


Overfull \hbox (56.9055pt too wide) in paragraph at lines 1000--1000
[]| $[]$ 
 []


LaTeX Warning: Marginpar on page 7 moved.

[7]
Overfull \hbox (56.9055pt too wide) in paragraph at lines 1030--1030
[]| $[]$ 
 []


Package natbib Warning: Citation `??' on page 8 undefined on input line 1045.


Overfull \hbox (56.9055pt too wide) in paragraph at lines 1045--1045
[]| $[]$ 
 []

[8]
Overfull \hbox (56.9055pt too wide) in paragraph at lines 1087--1087
[]| $[]$ 
 []

[9] [10]
Overfull \hbox (56.9055pt too wide) in paragraph at lines 1169--1169
[]| $[]$ 
 []


Overfull \hbox (56.9055pt too wide) in paragraph at lines 1182--1182
[]| $[]$ 
 []

[11]
Overfull \hbox (56.9055pt too wide) in paragraph at lines 1198--1198
[]| $[]$ 
 []


LaTeX Warning: Reference `occupies_streg' on page 12 undefined on input line 1203.


Overfull \hbox (56.9055pt too wide) in paragraph at lines 1203--1203
[]| $[]$ 
 []

[12]

LaTeX Warning: Reference `occupies_streg' on page 13 undefined on input line 1286.


Overfull \hbox (56.9055pt too wide) in paragraph at lines 1286--1286
[]| $[]$ 
 []


Overfull \hbox (95.15344pt too wide) in paragraph at lines 1314--1314
\OMS/ztmcm/m/n/11 8\OML/ztmcm/m/it/11 u\OT1/ztmcm/m/n/11 ([](\OML/ztmcm/m/it/11 x; u\OT1/ztmcm/m/n/11 ) \OMS/ztmcm/m/n/11 ! 9\OML/ztmcm/m/it/11 ysr\OT1/ztmcm/m/n/11 ($[] 
 []


Overfull \hbox (80.34186pt too wide) in paragraph at lines 1310--1315
[]$\OML/ztmcm/m/it/11 x[][][] $[] 
 []

[13]
Overfull \hbox (91.22702pt too wide) in paragraph at lines 1440--1441
[]$[]\OT1/ztmcm/m/n/11 (\OML/ztmcm/m/it/11 x; y\OT1/ztmcm/m/n/11 )[]$[] 
 []

[14]
Overfull \hbox (56.9055pt too wide) in paragraph at lines 1522--1522
[]| $[]$ 
 []


LaTeX Warning: Reference `db_mappings' on page 15 undefined on input line 1528.


Overfull \hbox (56.9055pt too wide) in paragraph at lines 1528--1528
[]| $[]$ 
 []

[15]
Overfull \hbox (56.9055pt too wide) in paragraph at lines 1572--1572
[]| $[]$ 
 []

[16]
Overfull \hbox (56.9055pt too wide) in paragraph at lines 1603--1603
[]| $[]$ 
 []


Overfull \hbox (56.9055pt too wide) in paragraph at lines 1606--1606
[]| $[]$ 
 []

[17]

LaTeX Warning: Reference `d2b_sregofocc' on page 18 undefined on input line 1637.


Overfull \hbox (56.9055pt too wide) in paragraph at lines 1638--1638
[]| $[]$ 
 []


Overfull \hbox (56.9055pt too wide) in paragraph at lines 1645--1645
[]| $[]$ 
 []


Overfull \hbox (168.0433pt too wide) in paragraph at lines 1649--1651
[]$[]\OT1/ztmcm/m/n/11 (\OML/ztmcm/m/it/11 x; y; t\OT1/ztmcm/m/n/11 )[]\OML/ztmcm/m/it/11 x[][] \OMS/ztmcm/m/n/11 ^ \OML/ztmcm/m/it/11 y[][] \OMS/ztmcm/m/n/11 ^ \OT1/ztmcm/m/n/11 ($[] 
 []


Overfull \hbox (4.26787pt too wide) in paragraph at lines 1659--1659
\OT1/ztmcm/m/n/11 ($[] 
 []


Overfull \hbox (80.0293pt too wide) in paragraph at lines 1656--1660
[]$[]\OT1/ztmcm/m/n/11 (\OML/ztmcm/m/it/11 x; y; t\OT1/ztmcm/m/n/11 )[]$[] 
 []


Overfull \hbox (56.9055pt too wide) in paragraph at lines 1664--1664
[]| $[]$ 
 []

[18]
Overfull \hbox (56.9055pt too wide) in paragraph at lines 1688--1688
[]| $[]$ 
 []


Underfull \vbox (badness 1377) has occurred while \output is active []

 [19] [20]
Overfull \hbox (56.9055pt too wide) in paragraph at lines 1763--1763
[]| $[]$ 
 []

[21]
Overfull \hbox (86.87187pt too wide) in paragraph at lines 1865--1869
[]$[]\OT1/ztmcm/m/n/11 (\OML/ztmcm/m/it/11 x; s; t\OT1/ztmcm/m/n/11 )[]$[] 
 []


Overfull \hbox (56.9055pt too wide) in paragraph at lines 1901--1901
[]| $[]$ 
 []

[22]

LaTeX Warning: Reference `bd_mapping' on page 23 undefined on input line 1925.


Overfull \hbox (56.9055pt too wide) in paragraph at lines 1925--1925
[]| $[]$ 
 []


LaTeX Warning: Reference `occupies_streg' on page 23 undefined on input line 1930.


Overfull \hbox (56.9055pt too wide) in paragraph at lines 1930--1930
[]| $[]$ 
 []


Overfull \hbox (56.9055pt too wide) in paragraph at lines 1930--1930
[]| $[]$ 
 []


Overfull \hbox (56.9055pt too wide) in paragraph at lines 1932--1932
[]| $[]$ 
 []


LaTeX Warning: Marginpar on page 23 moved.


Overfull \hbox (56.9055pt too wide) in paragraph at lines 1934--1934
[]| $[]$ 
 []

[23]
Overfull \hbox (56.9055pt too wide) in paragraph at lines 1956--1956
[]| $[]$ 
 []


Overfull \hbox (56.9055pt too wide) in paragraph at lines 1958--1958
[]| $[]$ 
 []

[24]

Package natbib Warning: Citation `label' undefined on input line 2011.

No file ao_bfo_dolce_mappings_v0.2.bbl.

Package natbib Warning: There were undefined citations.

Package atveryend Info: Empty hook `BeforeClearDocument' on input line 2015.
[25]
Package atveryend Info: Empty hook `AfterLastShipout' on input line 2015.
 (ao_bfo_dolce_mappings_v0.2.aux)
Package atveryend Info: Executing hook `AtVeryEndDocument' on input line 2015.
Package atveryend Info: Executing hook `AtEndAfterFileList' on input line 2015.
Package rerunfilecheck Info: File `ao_bfo_dolce_mappings_v0.2.out' has not changed.
(rerunfilecheck)             Checksum: D31042A6B84EC2F527D2724D0913D54E;1428.


LaTeX Font Warning: Size substitutions with differences
(Font)              up to 1.28pt have occurred.


LaTeX Warning: There were undefined references.


LaTeX Warning: There were multiply-defined labels.

 ) 
Here is how much of TeX's memory you used:
 14854 strings out of 492483
 199591 string characters out of 3131026
 403812 words of memory out of 3000000
 18578 multiletter control sequences out of 15000+200000
 185169 words of font info for 326 fonts, out of 3000000 for 9000
 1141 hyphenation exceptions out of 8191
 43i,17n,42p,3342b,571s stack positions out of 5000i,500n,10000p,200000b,50000s
{C:/Program Files/MiKTeX 2.9/fonts/enc/dvips/base/8r.enc}<C:/Program Files/MiKTeX 2.9/fonts/type1/public/amsfonts/cm/cmmi10.pfb><C:/Program Files/MiKTeX 2.9/fonts/type1/public/amsfonts/cm/cmr10.pfb><C:/Program Files/MiKTeX 2.9/fonts/type1/public/amsfonts/cm/cmsy10.pfb><C:/Program Files/MiKTeX 2.9/fonts/type1/public/amsfonts/cm/cmsy9.pfb><C:/Users/Francesco/AppData/Roaming/MiKTeX/2.9/fonts/type1/public/txfonts/t1xbtt.pfb><C:/Users/Francesco/AppData/Roaming/MiKTeX/2.9/fonts/type1/public/txfonts/t1xtt.pfb><C:/Users/Francesco/AppData/Roaming/MiKTeX/2.9/fonts/type1/public/txfonts/txmia.pfb><C:/Users/Francesco/AppData/Roaming/MiKTeX/2.9/fonts/type1/public/txfonts/txsyb.pfb><C:/Users/Francesco/AppData/Roaming/MiKTeX/2.9/fonts/type1/public/txfonts/txsyc.pfb><C:/Users/Francesco/AppData/Roaming/MiKTeX/2.9/fonts/type1/public/txfonts/txtt.pfb><C:/Users/Francesco/AppData/Roaming/MiKTeX/2.9/fonts/type1/urw/symbol/usyr.pfb><C:/Users/Francesco/AppData/Roaming/MiKTeX/2.9/fonts/type1/urw/times/utmb8a.pfb><C:/Users/Francesco/AppData/Roaming/MiKTeX/2.9/fonts/type1/urw/times/utmr8a.pfb><C:/Users/Francesco/AppData/Roaming/MiKTeX/2.9/fonts/type1/urw/times/utmri8a.pfb>
Output written on ao_bfo_dolce_mappings_v0.2.pdf (25 pages, 307268 bytes).
PDF statistics:
 707 PDF objects out of 1000 (max. 8388607)
 212 named destinations out of 1000 (max. 500000)
 169 words of extra memory for PDF output out of 10000 (max. 10000000)

